<?xml version="1.0" encoding="UTF-8"?>
<testsuite name="id.ac.ui.cs.advprog.tutorial1.strategy.FlyBehaviorTest" tests="2" skipped="0" failures="0" errors="0" timestamp="2018-03-01T05:50:07" hostname="user" time="0.0">
  <properties/>
  <testcase name="testFlyBehaviorHasFlyAbstractMethod" classname="id.ac.ui.cs.advprog.tutorial1.strategy.FlyBehaviorTest" time="0.0"/>
  <testcase name="testFlyBehaviorIsAPublicInterface" classname="id.ac.ui.cs.advprog.tutorial1.strategy.FlyBehaviorTest" time="0.0"/>
  <system-out><![CDATA[]]></system-out>
  <system-err><![CDATA[]]></system-err>
</testsuite>
