<?xml version="1.0" encoding="UTF-8"?>
<testsuite name="id.ac.ui.cs.advprog.tutorial1.strategy.QuackTest" tests="2" skipped="0" failures="0" errors="0" timestamp="2018-03-01T05:50:08" hostname="user" time="0.006">
  <properties/>
  <testcase name="testQuackOverrideQuackMethod" classname="id.ac.ui.cs.advprog.tutorial1.strategy.QuackTest" time="0.002"/>
  <testcase name="testQuackIsAQuackBehavior" classname="id.ac.ui.cs.advprog.tutorial1.strategy.QuackTest" time="0.002"/>
  <system-out><![CDATA[]]></system-out>
  <system-err><![CDATA[]]></system-err>
</testsuite>
