<?xml version="1.0" encoding="UTF-8"?>
<testsuite name="RentalTest" tests="2" skipped="0" failures="0" errors="0" timestamp="2018-03-23T08:15:10" hostname="user" time="0.004">
  <properties/>
  <testcase name="getDaysRented" classname="RentalTest" time="0.001"/>
  <testcase name="getMovie" classname="RentalTest" time="0.001"/>
  <system-out><![CDATA[]]></system-out>
  <system-err><![CDATA[]]></system-err>
</testsuite>
