<?xml version="1.0" encoding="UTF-8"?>
<testsuite name="CustomerTest" tests="3" skipped="0" failures="0" errors="0" timestamp="2018-03-23T08:15:10" hostname="user" time="0.012">
  <properties/>
  <testcase name="statementWithMultipleMovies" classname="CustomerTest" time="0.004"/>
  <testcase name="getName" classname="CustomerTest" time="0.0"/>
  <testcase name="statementWithSingleMovie" classname="CustomerTest" time="0.001"/>
  <system-out><![CDATA[]]></system-out>
  <system-err><![CDATA[]]></system-err>
</testsuite>
