<?xml version="1.0" encoding="UTF-8"?>
<testsuite name="id.ac.ui.cs.advprog.tutorial4.exercise2.SingletonTest" tests="2" skipped="0" failures="0" errors="0" timestamp="2018-03-16T04:30:29" hostname="user" time="0.148">
  <properties/>
  <testcase name="testGetInstanceShouldReturnSingletonInstance" classname="id.ac.ui.cs.advprog.tutorial4.exercise2.SingletonTest" time="0.006"/>
  <testcase name="testNoPublicConstructors" classname="id.ac.ui.cs.advprog.tutorial4.exercise2.SingletonTest" time="0.141"/>
  <system-out><![CDATA[]]></system-out>
  <system-err><![CDATA[]]></system-err>
</testsuite>
