<?xml version="1.0" encoding="UTF-8"?>
<testsuite name="sorting.SortAndSearchTest" tests="4" skipped="0" failures="0" errors="0" timestamp="2018-04-28T10:14:23" hostname="user" time="0.003">
  <properties/>
  <testcase name="slowSortTest" classname="sorting.SortAndSearchTest" time="0.0"/>
  <testcase name="binarySearchTest" classname="sorting.SortAndSearchTest" time="0.001"/>
  <testcase name="fastSortTest" classname="sorting.SortAndSearchTest" time="0.001"/>
  <testcase name="slowSearchTest" classname="sorting.SortAndSearchTest" time="0.0"/>
  <system-out><![CDATA[]]></system-out>
  <system-err><![CDATA[]]></system-err>
</testsuite>
