<?xml version="1.0" encoding="UTF-8"?>
<testsuite name="PrimeCheckerTest" tests="2" skipped="0" failures="0" errors="0" timestamp="2018-04-06T16:27:17" hostname="user" time="0.098">
  <properties/>
  <testcase name="testIsPrimeTrueGivenPrimeNumbers" classname="PrimeCheckerTest" time="0.065"/>
  <testcase name="testIsPrimeFalseGivenNonPrimeNumbers" classname="PrimeCheckerTest" time="0.028"/>
  <system-out><![CDATA[]]></system-out>
  <system-err><![CDATA[]]></system-err>
</testsuite>
