<?xml version="1.0" encoding="UTF-8"?>
<testsuite name="WordCountTest" tests="3" skipped="0" failures="0" errors="0" timestamp="2018-04-06T16:27:17" hostname="user" time="0.283">
  <properties/>
  <testcase name="testExistingWordsShouldCountedCorrectly" classname="WordCountTest" time="0.084"/>
  <testcase name="testNonExistingWordsShouldCountedCorrectly" classname="WordCountTest" time="0.08"/>
  <testcase name="testExistingSubstringShouldCountedCorrectly" classname="WordCountTest" time="0.038"/>
  <system-out><![CDATA[]]></system-out>
  <system-err><![CDATA[]]></system-err>
</testsuite>
